<?xml version="1.0" encoding="UTF-8"?>
<!-- Generated by org.testng.reporters.JUnitXMLReporter -->
<testsuite ignored="0" hostname="SaiSravani" failures="1" tests="2" name="Error Validation Test" time="19.811" errors="0" timestamp="2025-05-04T18:25:15 CEST">
  <testcase classname="practiceSeleniumFramework.tests.ErrorValidationTest" name="loginErrorValidation" time="0.428"/>
  <testcase classname="practiceSeleniumFramework.tests.ErrorValidationTest" name="productErrorValidation" time="0.915">
    <failure type="java.lang.NullPointerException" message="Cannot invoke &amp;quot;org.openqa.selenium.WebElement.findElement(org.openqa.selenium.By)&amp;quot; because &amp;quot;prod&amp;quot; is null">
      <![CDATA[java.lang.NullPointerException: Cannot invoke "org.openqa.selenium.WebElement.findElement(org.openqa.selenium.By)" because "prod" is null
at practiceSeleniumFramework.pageObjects.ProductCataloguePage.addProductToCart(ProductCataloguePage.java:46)
at practiceSeleniumFramework.tests.ErrorValidationTest.productErrorValidation(ErrorValidationTest.java:38)
at java.base/java.util.ArrayList.forEach(ArrayList.java:1596)
at java.base/java.util.concurrent.FutureTask.run(FutureTask.java:317)
at java.base/java.util.concurrent.ThreadPoolExecutor.runWorker(ThreadPoolExecutor.java:1144)
at java.base/java.util.concurrent.ThreadPoolExecutor$Worker.run(ThreadPoolExecutor.java:642)
at java.base/java.lang.Thread.run(Thread.java:1583)
... Removed 15 stack frames]]>
    </failure>
  </testcase> <!-- productErrorValidation -->
</testsuite> <!-- Error Validation Test -->
